<?xml version="1.0" encoding="UTF-8"?>
<!-- Generated by org.testng.reporters.JUnitXMLReporter -->
<testsuite ignored="8" hostname="LAPTOP-5FML62AU" failures="0" tests="2" name="Default test" time="14.322" errors="0" timestamp="2023-06-11T21:46:48 IST">
  <testcase classname="seliniumcommands.DemoWebShop" name="TC_008_verifyLoginwithValidCredentials" time="5.323"/>
  <testcase classname="seliniumcommands.DemoWebShop" name="TC_008_verifyLoginwithValidCredentials" time="3.984"/>
  <testcase classname="seliniumcommands.DemoWebShop" name="tc_005_verifyLoginWithInvalidData" time="0.0">
    <ignored/>
  </testcase> <!-- tc_005_verifyLoginWithInvalidData -->
  <testcase classname="seliniumcommands.DemoWebShop" name="tc_004_verifyTitleFromExcelSheet" time="0.0">
    <ignored/>
  </testcase> <!-- tc_004_verifyTitleFromExcelSheet -->
  <testcase classname="seliniumcommands.DemoWebShop" name="tc_06_verifyRegistrationUsingRandomGenerator" time="0.0">
    <ignored/>
  </testcase> <!-- tc_06_verifyRegistrationUsingRandomGenerator -->
  <testcase classname="seliniumcommands.DemoWebShop" name="tc_003_verifyRegistration" time="0.0">
    <ignored/>
  </testcase> <!-- tc_003_verifyRegistration -->
  <testcase classname="seliniumcommands.DemoWebShop" name="tc_007_verifyloginWithParameters" time="0.0">
    <ignored/>
  </testcase> <!-- tc_007_verifyloginWithParameters -->
  <testcase classname="seliniumcommands.DemoWebShop" name="tc_002_verifyLogin" time="0.0">
    <ignored/>
  </testcase> <!-- tc_002_verifyLogin -->
  <testcase classname="seliniumcommands.DemoWebShop" name="tc_004_verifyRegistrationFromExcelSheet" time="0.0">
    <ignored/>
  </testcase> <!-- tc_004_verifyRegistrationFromExcelSheet -->
  <testcase classname="seliniumcommands.DemoWebShop" name="tc_001_verifyObsquraTitle" time="0.0">
    <ignored/>
  </testcase> <!-- tc_001_verifyObsquraTitle -->
</testsuite> <!-- Default test -->
