<?xml version="1.0" encoding="UTF-8"?>
<!-- Generated by org.testng.reporters.JUnitXMLReporter -->
<testsuite ignored="6" hostname="LAPTOP-5FML62AU" failures="0" tests="1" name="Default test" time="8.44" errors="0" timestamp="2023-06-10T06:55:28 IST">
  <testcase classname="seliniumcommands.DemoWebShop" name="tc_06_verifyRegistrationUsingRandomGenerator" time="4.817"/>
  <testcase classname="seliniumcommands.DemoWebShop" name="tc_002_verifyLogin" time="0.0">
    <ignored/>
  </testcase> <!-- tc_002_verifyLogin -->
  <testcase classname="seliniumcommands.DemoWebShop" name="tc_004_verifyRegistrationFromExcelSheet" time="0.0">
    <ignored/>
  </testcase> <!-- tc_004_verifyRegistrationFromExcelSheet -->
  <testcase classname="seliniumcommands.DemoWebShop" name="tc_003_verifyRegistration" time="0.0">
    <ignored/>
  </testcase> <!-- tc_003_verifyRegistration -->
  <testcase classname="seliniumcommands.DemoWebShop" name="tc_001_verifyObsquraTitle" time="0.0">
    <ignored/>
  </testcase> <!-- tc_001_verifyObsquraTitle -->
  <testcase classname="seliniumcommands.DemoWebShop" name="tc_005_verifyLoginWithInvalidData" time="0.0">
    <ignored/>
  </testcase> <!-- tc_005_verifyLoginWithInvalidData -->
  <testcase classname="seliniumcommands.DemoWebShop" name="tc_004_verifyTitleFromExcelSheet" time="0.0">
    <ignored/>
  </testcase> <!-- tc_004_verifyTitleFromExcelSheet -->
</testsuite> <!-- Default test -->
