<?xml version="1.0" encoding="UTF-8"?>
<!-- Generated by org.testng.reporters.JUnitXMLReporter -->
<testsuite ignored="8" hostname="LAPTOP-5FML62AU" failures="0" tests="1" name="Firefox Test" time="11.879" errors="0" timestamp="2023-06-15T07:16:40 IST">
  <testcase classname="seliniumcommands.DemoWebShop" name="tc_008_verifyRegistrationUsingRandomGenerator" time="2.564"/>
  <testcase classname="seliniumcommands.DemoWebShop" name="tc_009_verifyloginWithParameters" time="0.0">
    <ignored/>
  </testcase> <!-- tc_009_verifyloginWithParameters -->
  <testcase classname="seliniumcommands.DemoWebShop" name="tc_004_verifyTitleFromExcelSheet" time="0.0">
    <ignored/>
  </testcase> <!-- tc_004_verifyTitleFromExcelSheet -->
  <testcase classname="seliniumcommands.DemoWebShop" name="tc_002_verifyLogin" time="0.0">
    <ignored/>
  </testcase> <!-- tc_002_verifyLogin -->
  <testcase classname="seliniumcommands.DemoWebShop" name="tc_007_verifyLoginwithValidCredentials" time="0.0">
    <ignored/>
  </testcase> <!-- tc_007_verifyLoginwithValidCredentials -->
  <testcase classname="seliniumcommands.DemoWebShop" name="tc_003_verifyRegistration" time="0.0">
    <ignored/>
  </testcase> <!-- tc_003_verifyRegistration -->
  <testcase classname="seliniumcommands.DemoWebShop" name="tc_006_verifyLoginWithInvalidData" time="0.0">
    <ignored/>
  </testcase> <!-- tc_006_verifyLoginWithInvalidData -->
  <testcase classname="seliniumcommands.DemoWebShop" name="tc_001_verifyObsquraTitle" time="0.0">
    <ignored/>
  </testcase> <!-- tc_001_verifyObsquraTitle -->
  <testcase classname="seliniumcommands.DemoWebShop" name="tc_005_verifyRegistrationFromExcelSheet" time="0.0">
    <ignored/>
  </testcase> <!-- tc_005_verifyRegistrationFromExcelSheet -->
</testsuite> <!-- Firefox Test -->
