<?xml version="1.0" encoding="UTF-8"?>
<!-- Generated by org.testng.reporters.JUnitXMLReporter -->
<testsuite ignored="8" hostname="LAPTOP-5FML62AU" failures="0" tests="1" name="Firefox Test" time="10.076" errors="0" timestamp="2023-06-14T07:20:21 IST">
  <testcase classname="seliniumcommands.DemoWebShop" name="tc_07_verifyloginWithParameters" time="1.42"/>
  <testcase classname="seliniumcommands.DemoWebShop" name="tc_002_verifyLogin" time="0.0">
    <ignored/>
  </testcase> <!-- tc_002_verifyLogin -->
  <testcase classname="seliniumcommands.DemoWebShop" name="tc_001_verifyObsquraTitle" time="0.0">
    <ignored/>
  </testcase> <!-- tc_001_verifyObsquraTitle -->
  <testcase classname="seliniumcommands.DemoWebShop" name="tc_06_verifyRegistrationUsingRandomGenerator" time="0.0">
    <ignored/>
  </testcase> <!-- tc_06_verifyRegistrationUsingRandomGenerator -->
  <testcase classname="seliniumcommands.DemoWebShop" name="TC_008_verifyLoginwithValidCredentials" time="0.0">
    <ignored/>
  </testcase> <!-- TC_008_verifyLoginwithValidCredentials -->
  <testcase classname="seliniumcommands.DemoWebShop" name="tc_003_verifyRegistration" time="0.0">
    <ignored/>
  </testcase> <!-- tc_003_verifyRegistration -->
  <testcase classname="seliniumcommands.DemoWebShop" name="tc_004_verifyRegistrationFromExcelSheet" time="0.0">
    <ignored/>
  </testcase> <!-- tc_004_verifyRegistrationFromExcelSheet -->
  <testcase classname="seliniumcommands.DemoWebShop" name="tc_005_verifyLoginWithInvalidData" time="0.0">
    <ignored/>
  </testcase> <!-- tc_005_verifyLoginWithInvalidData -->
  <testcase classname="seliniumcommands.DemoWebShop" name="tc_004_verifyTitleFromExcelSheet" time="0.0">
    <ignored/>
  </testcase> <!-- tc_004_verifyTitleFromExcelSheet -->
</testsuite> <!-- Firefox Test -->
