<?xml version="1.0" encoding="UTF-8"?>
<testng-results ignored="6" total="7" passed="1" failed="0" skipped="0">
  <reporter-output>
  </reporter-output>
  <suite started-at="2023-06-10T06:55:20 IST" name="Default suite" finished-at="2023-06-10T06:55:28 IST" duration-ms="8440">
    <groups>
    </groups>
    <test started-at="2023-06-10T06:55:20 IST" name="Default test" finished-at="2023-06-10T06:55:28 IST" duration-ms="8440">
      <class name="seliniumcommands.DemoWebShop">
        <test-method is-config="true" signature="setup()[pri:0, instance:seliniumcommands.DemoWebShop@46cdf8bd]" started-at="2023-06-10T06:55:20 IST" name="setup" finished-at="2023-06-10T06:55:23 IST" duration-ms="3026" status="PASS">
          <reporter-output>
          </reporter-output>
        </test-method> <!-- setup -->
        <test-method signature="tc_06_verifyRegistrationUsingRandomGenerator()[pri:0, instance:seliniumcommands.DemoWebShop@46cdf8bd]" started-at="2023-06-10T06:55:23 IST" name="tc_06_verifyRegistrationUsingRandomGenerator" finished-at="2023-06-10T06:55:28 IST" duration-ms="4817" status="PASS">
          <reporter-output>
          </reporter-output>
        </test-method> <!-- tc_06_verifyRegistrationUsingRandomGenerator -->
        <test-method is-config="true" signature="tearDown(org.testng.ITestResult)[pri:0, instance:seliniumcommands.DemoWebShop@46cdf8bd]" started-at="2023-06-10T06:55:28 IST" name="tearDown" finished-at="2023-06-10T06:55:28 IST" duration-ms="530" status="PASS">
          <params>
            <param index="0">
              <value>
                <![CDATA[[TestResult name=tc_06_verifyRegistrationUsingRandomGenerator status=SUCCESS method=DemoWebShop.tc_06_verifyRegistrationUsingRandomGenerator()[pri:0, instance:seliniumcommands.DemoWebShop@46cdf8bd] output={null}]]]>
              </value>
            </param>
          </params>
          <reporter-output>
          </reporter-output>
        </test-method> <!-- tearDown -->
      </class> <!-- seliniumcommands.DemoWebShop -->
    </test> <!-- Default test -->
  </suite> <!-- Default suite -->
</testng-results>
