<?xml version="1.0" encoding="UTF-8"?>
<testng-results ignored="15" total="18" passed="3" failed="0" skipped="0">
  <reporter-output>
  </reporter-output>
  <suite started-at="2023-06-15T07:16:28 IST" name="Parallel testing" finished-at="2023-06-15T07:16:41 IST" duration-ms="13219">
    <groups>
      <group name="Sanity">
        <method signature="DemoWebShop.tc_002_verifyLogin()[pri:1, instance:seliniumcommands.DemoWebShop@f0c8a99]" name="tc_002_verifyLogin" class="seliniumcommands.DemoWebShop"/>
        <method signature="DemoWebShop.tc_008_verifyRegistrationUsingRandomGenerator()[pri:1, instance:seliniumcommands.DemoWebShop@8462f31]" name="tc_008_verifyRegistrationUsingRandomGenerator" class="seliniumcommands.DemoWebShop"/>
      </group> <!-- Sanity -->
      <group name="Smoke">
        <method signature="DemoWebShop.tc_009_verifyloginWithParameters(java.lang.String,java.lang.String)[pri:4, instance:seliniumcommands.DemoWebShop@f0c8a99]" name="tc_009_verifyloginWithParameters" class="seliniumcommands.DemoWebShop"/>
      </group> <!-- Smoke -->
    </groups>
    <test started-at="2023-06-15T07:16:28 IST" name="Firefox Test" finished-at="2023-06-15T07:16:40 IST" duration-ms="11879">
      <class name="seliniumcommands.DemoWebShop">
        <test-method is-config="true" signature="setup(java.lang.String,java.lang.String)[pri:0, instance:seliniumcommands.DemoWebShop@8462f31]" started-at="2023-06-15T07:16:28 IST" name="setup" finished-at="2023-06-15T07:16:36 IST" duration-ms="7927" status="PASS">
          <params>
            <param index="0">
              <value>
                <![CDATA[Firefox]]>
              </value>
            </param>
            <param index="1">
              <value>
                <![CDATA[https://demowebshop.tricentis.com/]]>
              </value>
            </param>
          </params>
          <reporter-output>
          </reporter-output>
        </test-method> <!-- setup -->
        <test-method signature="tc_008_verifyRegistrationUsingRandomGenerator()[pri:1, instance:seliniumcommands.DemoWebShop@8462f31]" started-at="2023-06-15T07:16:36 IST" name="tc_008_verifyRegistrationUsingRandomGenerator" description="verify Registration using random generator" finished-at="2023-06-15T07:16:39 IST" duration-ms="2564" status="PASS">
          <reporter-output>
          </reporter-output>
        </test-method> <!-- tc_008_verifyRegistrationUsingRandomGenerator -->
        <test-method is-config="true" signature="tearDown(org.testng.ITestResult)[pri:0, instance:seliniumcommands.DemoWebShop@8462f31]" started-at="2023-06-15T07:16:39 IST" name="tearDown" finished-at="2023-06-15T07:16:40 IST" duration-ms="1323" status="FAIL">
          <params>
            <param index="0">
              <value>
                <![CDATA[[TestResult name=tc_008_verifyRegistrationUsingRandomGenerator status=SUCCESS method=DemoWebShop.tc_008_verifyRegistrationUsingRandomGenerator()[pri:1, instance:seliniumcommands.DemoWebShop@8462f31] output={null}]]]>
              </value>
            </param>
          </params>
          <exception class="org.openqa.selenium.NoSuchSessionException">
            <message>
              <![CDATA[Tried to run command without establishing a connection
Build info: version: '4.8.3', revision: 'e5e76298c3'
System info: os.name: 'Windows 10', os.arch: 'amd64', os.version: '10.0', java.version: '16.0.2'
Driver info: org.openqa.selenium.firefox.FirefoxDriver
Command: [c606ade3-7ca0-45eb-8e62-fbc770cc7e2e, quit {}]
Capabilities {acceptInsecureCerts: true, browserName: firefox, browserVersion: 114.0.1, moz:accessibilityChecks: false, moz:buildID: 20230608214645, moz:debuggerAddress: 127.0.0.1:29290, moz:geckodriverVersion: 0.33.0, moz:headless: false, moz:platformVersion: 10.0, moz:processID: 5524, moz:profile: C:\Users\lincy\AppData\Loca..., moz:shutdownTimeout: 60000, moz:useNonSpecCompliantPointerOrigin: false, moz:webdriverClick: true, moz:windowless: false, pageLoadStrategy: normal, platformName: WINDOWS, proxy: Proxy(), se:cdp: ws://127.0.0.1:29290/devtoo..., se:cdpVersion: 85.0, setWindowRect: true, strictFileInteractability: false, timeouts: {implicit: 0, pageLoad: 300000, script: 30000}, unhandledPromptBehavior: dismiss and notify}
Session ID: c606ade3-7ca0-45eb-8e62-fbc770cc7e2e]]>
            </message>
            <full-stacktrace>
              <![CDATA[org.openqa.selenium.NoSuchSessionException: Tried to run command without establishing a connection
Build info: version: '4.8.3', revision: 'e5e76298c3'
System info: os.name: 'Windows 10', os.arch: 'amd64', os.version: '10.0', java.version: '16.0.2'
Driver info: org.openqa.selenium.firefox.FirefoxDriver
Command: [c606ade3-7ca0-45eb-8e62-fbc770cc7e2e, quit {}]
Capabilities {acceptInsecureCerts: true, browserName: firefox, browserVersion: 114.0.1, moz:accessibilityChecks: false, moz:buildID: 20230608214645, moz:debuggerAddress: 127.0.0.1:29290, moz:geckodriverVersion: 0.33.0, moz:headless: false, moz:platformVersion: 10.0, moz:processID: 5524, moz:profile: C:\Users\lincy\AppData\Loca..., moz:shutdownTimeout: 60000, moz:useNonSpecCompliantPointerOrigin: false, moz:webdriverClick: true, moz:windowless: false, pageLoadStrategy: normal, platformName: WINDOWS, proxy: Proxy(), se:cdp: ws://127.0.0.1:29290/devtoo..., se:cdpVersion: 85.0, setWindowRect: true, strictFileInteractability: false, timeouts: {implicit: 0, pageLoad: 300000, script: 30000}, unhandledPromptBehavior: dismiss and notify}
Session ID: c606ade3-7ca0-45eb-8e62-fbc770cc7e2e
at java.base/jdk.internal.reflect.NativeConstructorAccessorImpl.newInstance0(Native Method)
at java.base/jdk.internal.reflect.NativeConstructorAccessorImpl.newInstance(NativeConstructorAccessorImpl.java:78)
at java.base/jdk.internal.reflect.DelegatingConstructorAccessorImpl.newInstance(DelegatingConstructorAccessorImpl.java:45)
at java.base/java.lang.reflect.Constructor.newInstanceWithCaller(Constructor.java:499)
at java.base/java.lang.reflect.Constructor.newInstance(Constructor.java:480)
at org.openqa.selenium.remote.codec.w3c.W3CHttpResponseCodec.createException(W3CHttpResponseCodec.java:200)
at org.openqa.selenium.remote.codec.w3c.W3CHttpResponseCodec.decode(W3CHttpResponseCodec.java:133)
at org.openqa.selenium.remote.codec.w3c.W3CHttpResponseCodec.decode(W3CHttpResponseCodec.java:53)
at org.openqa.selenium.remote.HttpCommandExecutor.execute(HttpCommandExecutor.java:193)
at org.openqa.selenium.remote.service.DriverCommandExecutor.invokeExecute(DriverCommandExecutor.java:183)
at org.openqa.selenium.remote.service.DriverCommandExecutor.lambda$execute$1(DriverCommandExecutor.java:121)
at java.base/java.util.concurrent.CompletableFuture$AsyncSupply.run(CompletableFuture.java:1764)
at java.base/java.util.concurrent.ThreadPoolExecutor.runWorker(ThreadPoolExecutor.java:1130)
at java.base/java.util.concurrent.ThreadPoolExecutor$Worker.run(ThreadPoolExecutor.java:630)
at java.base/java.lang.Thread.run(Thread.java:831)
]]>
            </full-stacktrace>
          </exception> <!-- org.openqa.selenium.NoSuchSessionException -->
          <reporter-output>
          </reporter-output>
        </test-method> <!-- tearDown -->
      </class> <!-- seliniumcommands.DemoWebShop -->
    </test> <!-- Firefox Test -->
    <test started-at="2023-06-15T07:16:28 IST" name="Chrome Test" finished-at="2023-06-15T07:16:41 IST" duration-ms="13219">
      <class name="seliniumcommands.DemoWebShop">
        <test-method is-config="true" signature="setup(java.lang.String,java.lang.String)[pri:0, instance:seliniumcommands.DemoWebShop@f0c8a99]" started-at="2023-06-15T07:16:28 IST" name="setup" finished-at="2023-06-15T07:16:33 IST" duration-ms="4716" status="PASS">
          <params>
            <param index="0">
              <value>
                <![CDATA[Chrome]]>
              </value>
            </param>
            <param index="1">
              <value>
                <![CDATA[https://demowebshop.tricentis.com/]]>
              </value>
            </param>
          </params>
          <reporter-output>
          </reporter-output>
        </test-method> <!-- setup -->
        <test-method signature="tc_002_verifyLogin()[pri:1, instance:seliniumcommands.DemoWebShop@f0c8a99]" started-at="2023-06-15T07:16:33 IST" name="tc_002_verifyLogin" description="verify login" finished-at="2023-06-15T07:16:35 IST" duration-ms="1862" status="PASS">
          <reporter-output>
          </reporter-output>
        </test-method> <!-- tc_002_verifyLogin -->
        <test-method is-config="true" signature="tearDown(org.testng.ITestResult)[pri:0, instance:seliniumcommands.DemoWebShop@f0c8a99]" started-at="2023-06-15T07:16:35 IST" name="tearDown" finished-at="2023-06-15T07:16:35 IST" duration-ms="664" status="PASS">
          <params>
            <param index="0">
              <value>
                <![CDATA[[TestResult name=tc_002_verifyLogin status=SUCCESS method=DemoWebShop.tc_002_verifyLogin()[pri:1, instance:seliniumcommands.DemoWebShop@f0c8a99] output={null}]]]>
              </value>
            </param>
          </params>
          <reporter-output>
          </reporter-output>
        </test-method> <!-- tearDown -->
        <test-method is-config="true" signature="setup(java.lang.String,java.lang.String)[pri:0, instance:seliniumcommands.DemoWebShop@f0c8a99]" started-at="2023-06-15T07:16:35 IST" name="setup" finished-at="2023-06-15T07:16:39 IST" duration-ms="4149" status="PASS">
          <params>
            <param index="0">
              <value>
                <![CDATA[Chrome]]>
              </value>
            </param>
            <param index="1">
              <value>
                <![CDATA[https://demowebshop.tricentis.com/]]>
              </value>
            </param>
          </params>
          <reporter-output>
          </reporter-output>
        </test-method> <!-- setup -->
        <test-method signature="tc_009_verifyloginWithParameters(java.lang.String,java.lang.String)[pri:4, instance:seliniumcommands.DemoWebShop@f0c8a99]" started-at="2023-06-15T07:16:39 IST" name="tc_009_verifyloginWithParameters" description="verify login with parameters" finished-at="2023-06-15T07:16:41 IST" duration-ms="1491" status="PASS">
          <params>
            <param index="0">
              <value>
                <![CDATA[lincylal123@yopmail.com]]>
              </value>
            </param>
            <param index="1">
              <value>
                <![CDATA[lincylal]]>
              </value>
            </param>
          </params>
          <reporter-output>
          </reporter-output>
        </test-method> <!-- tc_009_verifyloginWithParameters -->
        <test-method is-config="true" signature="tearDown(org.testng.ITestResult)[pri:0, instance:seliniumcommands.DemoWebShop@f0c8a99]" started-at="2023-06-15T07:16:41 IST" name="tearDown" finished-at="2023-06-15T07:16:41 IST" duration-ms="258" status="PASS">
          <params>
            <param index="0">
              <value>
                <![CDATA[[TestResult name=tc_009_verifyloginWithParameters status=SUCCESS method=DemoWebShop.tc_009_verifyloginWithParameters(java.lang.String,java.lang.String)[pri:4, instance:seliniumcommands.DemoWebShop@f0c8a99] output={null}]]]>
              </value>
            </param>
          </params>
          <reporter-output>
          </reporter-output>
        </test-method> <!-- tearDown -->
      </class> <!-- seliniumcommands.DemoWebShop -->
    </test> <!-- Chrome Test -->
  </suite> <!-- Parallel testing -->
</testng-results>
